2024-09-15 05:18:04,131 [1] INFO  [XpertApp2.Views.MainWindow] - ：System is initialized.
2024-09-15 05:18:06,737 [6] ERROR [XpertApp2.Utility.DoorUtility] - ： error: Could not find file 'COM2'.
2024-09-15 05:18:13,703 [1] INFO  [XpertApp2.Views.MainWindow] - ：System is initialized.
2024-09-15 05:18:15,788 [9] ERROR [XpertApp2.Utility.DoorUtility] - ： error: Could not find file 'COM2'.
2024-09-15 05:18:17,770 [6] ERROR [XpertApp2.Utility.DoorUtility] - ： error: Could not find file 'COM2'.
2024-09-15 05:18:19,780 [4] ERROR [XpertApp2.Utility.DoorUtility] - ： error: Could not find file 'COM2'.
2024-09-15 06:30:21,326 [1] INFO  [XpertApp2.Views.MainWindow] - ：System is initialized.
2024-09-15 06:30:23,740 [10] ERROR [XpertApp2.Utility.DoorUtility] - ： error: Could not find file 'COM2'.
2024-09-15 06:30:25,722 [9] ERROR [XpertApp2.Utility.DoorUtility] - ： error: Could not find file 'COM2'.
2024-09-15 06:30:26,681 [9] INFO  [XpertApp2.Utility.DoorUtility] - ：send data:574B4C590901830280
2024-09-15 06:30:26,705 [9] ERROR [XpertApp2.Utility.DoorUtility] - ： error: The port is closed.
2024-09-15 06:30:27,708 [6] ERROR [XpertApp2.Utility.DoorUtility] - ： error: Could not find file 'COM2'.
2024-09-15 06:30:36,331 [1] INFO  [XpertApp2.Views.MainWindow] - ：System is initialized.
2024-09-15 06:30:38,423 [9] ERROR [XpertApp2.Utility.DoorUtility] - ： error: Could not find file 'COM2'.
2024-09-15 06:30:40,407 [10] ERROR [XpertApp2.Utility.DoorUtility] - ： error: Could not find file 'COM2'.
2024-09-15 06:30:42,401 [4] ERROR [XpertApp2.Utility.DoorUtility] - ： error: Could not find file 'COM2'.
2024-09-15 06:30:44,414 [6] ERROR [XpertApp2.Utility.DoorUtility] - ： error: Could not find file 'COM2'.
2024-09-15 06:30:46,415 [16] ERROR [XpertApp2.Utility.DoorUtility] - ： error: Could not find file 'COM2'.
2024-09-15 06:30:47,614 [16] INFO  [XpertApp2.Utility.DoorUtility] - ：send data:574B4C590901830280
2024-09-15 06:30:47,632 [16] ERROR [XpertApp2.Utility.DoorUtility] - ： error: The port is closed.
2024-09-15 06:30:48,409 [17] ERROR [XpertApp2.Utility.DoorUtility] - ： error: Could not find file 'COM2'.
2024-09-15 06:30:49,694 [17] INFO  [XpertApp2.Utility.DoorUtility] - ：send data:574B4C590901830280
2024-09-15 06:30:49,706 [17] ERROR [XpertApp2.Utility.DoorUtility] - ： error: The port is closed.
2024-09-15 06:30:50,412 [18] ERROR [XpertApp2.Utility.DoorUtility] - ： error: Could not find file 'COM2'.
2024-09-15 06:30:52,408 [7] ERROR [XpertApp2.Utility.DoorUtility] - ： error: Could not find file 'COM2'.
2024-09-15 06:30:52,730 [18] INFO  [XpertApp2.Utility.DoorUtility] - ：send data:574B4C590901830280
2024-09-15 06:30:52,745 [18] ERROR [XpertApp2.Utility.DoorUtility] - ： error: The port is closed.
2024-09-15 06:30:54,407 [19] ERROR [XpertApp2.Utility.DoorUtility] - ： error: Could not find file 'COM2'.
2024-09-15 06:30:56,416 [20] ERROR [XpertApp2.Utility.DoorUtility] - ： error: Could not find file 'COM2'.
2024-09-15 06:31:24,152 [1] INFO  [XpertApp2.Views.MainWindow] - ：System is initialized.
2024-09-15 06:31:26,247 [4] ERROR [XpertApp2.Utility.DoorUtility] - ： error: Could not find file 'COM2'.
2024-09-15 06:31:28,235 [9] ERROR [XpertApp2.Utility.DoorUtility] - ： error: Could not find file 'COM2'.
2024-09-15 06:31:45,495 [1] INFO  [XpertApp2.Views.MainWindow] - ：System is initialized.
2024-09-15 06:31:47,603 [4] ERROR [XpertApp2.Utility.DoorUtility] - ： error: Could not find file 'COM2'.
2024-09-15 06:33:17,352 [1] INFO  [XpertApp2.Views.MainWindow] - ：System is initialized.
2024-09-15 06:33:19,454 [9] ERROR [XpertApp2.Utility.DoorUtility] - ： error: Could not find file 'COM2'.
2024-09-15 06:33:21,423 [6] ERROR [XpertApp2.Utility.DoorUtility] - ： error: Could not find file 'COM2'.
2024-09-15 06:33:23,389 [6] INFO  [XpertApp2.Utility.DoorUtility] - ：send data:574B4C590901830280
2024-09-15 06:33:23,410 [6] ERROR [XpertApp2.Utility.DoorUtility] - ： error: The port is closed.
2024-09-15 06:33:23,439 [4] ERROR [XpertApp2.Utility.DoorUtility] - ： error: Could not find file 'COM2'.
2024-09-15 06:33:25,420 [15] ERROR [XpertApp2.Utility.DoorUtility] - ： error: Could not find file 'COM2'.
2024-09-15 06:34:54,887 [1] INFO  [XpertApp2.Views.MainWindow] - ：System is initialized.
2024-09-15 06:34:56,986 [6] ERROR [XpertApp2.Utility.DoorUtility] - ： error: Could not find file 'COM2'.
2024-09-15 06:37:37,445 [1] INFO  [XpertApp2.Views.MainWindow] - ：System is initialized.
2024-09-15 06:37:39,576 [9] ERROR [XpertApp2.Utility.DoorUtility] - ： error: Could not find file 'COM2'.
2024-09-15 06:37:54,810 [1] INFO  [XpertApp2.Views.MainWindow] - ：System is initialized.
2024-09-15 06:37:56,929 [9] ERROR [XpertApp2.Utility.DoorUtility] - ：CreateDoorConnction error: Could not find file 'COM2'.
2024-09-15 06:39:11,275 [1] INFO  [XpertApp2.Views.MainWindow ][ .ctor ] - ：System is initialized.
2024-09-15 06:39:13,381 [6] ERROR [XpertApp2.Utility.DoorUtility ][ CreateDoorConnction ] - ：CreateDoorConnction error: Could not find file 'COM2'.
